<?xml version="1.0" encoding="UTF-8"?>
<testsuites name="Simple GET Test" tests="1" time="0.120">
  <testsuite name="Test GET Request" id="9d8c6fb6-28e0-44ef-8e02-61fa7d872959" timestamp="2024-11-13T14:05:41.282Z" tests="0" failures="0" errors="0" time="0.120"/>
</testsuites>