<?xml version="1.0" encoding="UTF-8"?>
<testsuites name="Simple GET Test" tests="1" time="0.094">
  <testsuite name="Test GET Request" id="e8bcf216-10e2-426f-8018-c8a395605aba" timestamp="2024-11-13T14:32:31.634Z" tests="0" failures="0" errors="0" time="0.094"/>
</testsuites>